2024/10/07 09:32:18 [emerg] 1#1: host not found in upstream "dropapp" in /etc/nginx/conf.d/nginx.conf:13
2024/10/07 09:32:27 [emerg] 1#1: host not found in upstream "dropapp" in /etc/nginx/conf.d/nginx.conf:13
2024/10/07 09:33:10 [emerg] 1#1: host not found in upstream "dropapp" in /etc/nginx/conf.d/nginx.conf:13
2024/10/07 09:34:57 [notice] 1#1: using the "epoll" event method
2024/10/07 09:34:57 [notice] 1#1: nginx/1.25.5
2024/10/07 09:34:57 [notice] 1#1: built by gcc 12.2.0 (Debian 12.2.0-14) 
2024/10/07 09:34:57 [notice] 1#1: OS: Linux 5.15.146.1-microsoft-standard-WSL2
2024/10/07 09:34:57 [notice] 1#1: getrlimit(RLIMIT_NOFILE): 1048576:1048576
2024/10/07 09:34:57 [notice] 1#1: start worker processes
2024/10/07 09:34:57 [notice] 1#1: start worker process 20
2024/10/07 09:34:57 [notice] 1#1: start worker process 21
2024/10/07 09:34:57 [notice] 1#1: start worker process 22
2024/10/07 09:34:57 [notice] 1#1: start worker process 23
2024/10/07 09:34:57 [notice] 1#1: start worker process 24
2024/10/07 09:34:57 [notice] 1#1: start worker process 25
2024/10/07 09:34:57 [notice] 1#1: start worker process 26
2024/10/07 09:34:57 [notice] 1#1: start worker process 27
2024/10/07 09:34:57 [notice] 1#1: start worker process 28
2024/10/07 09:34:57 [notice] 1#1: start worker process 29
2024/10/07 09:34:57 [notice] 1#1: start worker process 30
2024/10/07 09:34:57 [notice] 1#1: start worker process 31
2024/10/07 09:35:15 [notice] 1#1: signal 3 (SIGQUIT) received, shutting down
2024/10/07 09:35:15 [notice] 20#20: gracefully shutting down
2024/10/07 09:35:15 [notice] 21#21: gracefully shutting down
2024/10/07 09:35:15 [notice] 20#20: exiting
2024/10/07 09:35:15 [notice] 21#21: exiting
2024/10/07 09:35:15 [notice] 23#23: gracefully shutting down
2024/10/07 09:35:15 [notice] 22#22: gracefully shutting down
2024/10/07 09:35:15 [notice] 23#23: exiting
2024/10/07 09:35:15 [notice] 24#24: gracefully shutting down
2024/10/07 09:35:15 [notice] 22#22: exiting
2024/10/07 09:35:15 [notice] 25#25: gracefully shutting down
2024/10/07 09:35:15 [notice] 20#20: exit
2024/10/07 09:35:15 [notice] 24#24: exiting
2024/10/07 09:35:15 [notice] 21#21: exit
2024/10/07 09:35:15 [notice] 26#26: gracefully shutting down
2024/10/07 09:35:15 [notice] 25#25: exiting
2024/10/07 09:35:15 [notice] 27#27: gracefully shutting down
2024/10/07 09:35:15 [notice] 23#23: exit
2024/10/07 09:35:15 [notice] 26#26: exiting
2024/10/07 09:35:15 [notice] 22#22: exit
2024/10/07 09:35:15 [notice] 28#28: gracefully shutting down
2024/10/07 09:35:15 [notice] 27#27: exiting
2024/10/07 09:35:15 [notice] 29#29: gracefully shutting down
2024/10/07 09:35:15 [notice] 24#24: exit
2024/10/07 09:35:15 [notice] 31#31: gracefully shutting down
2024/10/07 09:35:15 [notice] 28#28: exiting
2024/10/07 09:35:15 [notice] 25#25: exit
2024/10/07 09:35:15 [notice] 29#29: exiting
2024/10/07 09:35:15 [notice] 26#26: exit
2024/10/07 09:35:15 [notice] 31#31: exiting
2024/10/07 09:35:15 [notice] 27#27: exit
2024/10/07 09:35:15 [notice] 28#28: exit
2024/10/07 09:35:15 [notice] 31#31: exit
2024/10/07 09:35:15 [notice] 29#29: exit
2024/10/07 09:35:15 [notice] 30#30: gracefully shutting down
2024/10/07 09:35:15 [notice] 30#30: exiting
2024/10/07 09:35:15 [notice] 30#30: exit
2024/10/07 09:35:15 [notice] 1#1: signal 17 (SIGCHLD) received from 26
2024/10/07 09:35:15 [notice] 1#1: worker process 20 exited with code 0
2024/10/07 09:35:15 [notice] 1#1: worker process 22 exited with code 0
2024/10/07 09:35:15 [notice] 1#1: worker process 25 exited with code 0
2024/10/07 09:35:15 [notice] 1#1: worker process 26 exited with code 0
2024/10/07 09:35:15 [notice] 1#1: worker process 27 exited with code 0
2024/10/07 09:35:15 [notice] 1#1: worker process 30 exited with code 0
2024/10/07 09:35:15 [notice] 1#1: worker process 31 exited with code 0
2024/10/07 09:35:15 [notice] 1#1: signal 29 (SIGIO) received
2024/10/07 09:35:15 [notice] 1#1: signal 17 (SIGCHLD) received from 20
2024/10/07 09:35:15 [notice] 1#1: signal 17 (SIGCHLD) received from 28
2024/10/07 09:35:15 [notice] 1#1: worker process 28 exited with code 0
2024/10/07 09:35:15 [notice] 1#1: signal 29 (SIGIO) received
2024/10/07 09:35:15 [notice] 1#1: signal 17 (SIGCHLD) received from 29
2024/10/07 09:35:15 [notice] 1#1: worker process 29 exited with code 0
2024/10/07 09:35:15 [notice] 1#1: signal 29 (SIGIO) received
2024/10/07 09:35:15 [notice] 1#1: signal 17 (SIGCHLD) received from 24
2024/10/07 09:35:15 [notice] 1#1: worker process 24 exited with code 0
2024/10/07 09:35:15 [notice] 1#1: signal 29 (SIGIO) received
2024/10/07 09:35:15 [notice] 1#1: signal 17 (SIGCHLD) received from 23
2024/10/07 09:35:15 [notice] 1#1: worker process 23 exited with code 0
2024/10/07 09:35:15 [notice] 1#1: signal 29 (SIGIO) received
2024/10/07 09:35:16 [notice] 1#1: signal 17 (SIGCHLD) received from 21
2024/10/07 09:35:16 [notice] 1#1: worker process 21 exited with code 0
2024/10/07 09:35:16 [notice] 1#1: exit
2024/10/07 09:35:16 [notice] 1#1: using the "epoll" event method
2024/10/07 09:35:16 [notice] 1#1: nginx/1.25.5
2024/10/07 09:35:16 [notice] 1#1: built by gcc 12.2.0 (Debian 12.2.0-14) 
2024/10/07 09:35:16 [notice] 1#1: OS: Linux 5.15.146.1-microsoft-standard-WSL2
2024/10/07 09:35:16 [notice] 1#1: getrlimit(RLIMIT_NOFILE): 1048576:1048576
2024/10/07 09:35:16 [notice] 1#1: start worker processes
2024/10/07 09:35:16 [notice] 1#1: start worker process 20
2024/10/07 09:35:16 [notice] 1#1: start worker process 21
2024/10/07 09:35:16 [notice] 1#1: start worker process 22
2024/10/07 09:35:16 [notice] 1#1: start worker process 23
2024/10/07 09:35:16 [notice] 1#1: start worker process 24
2024/10/07 09:35:16 [notice] 1#1: start worker process 25
2024/10/07 09:35:16 [notice] 1#1: start worker process 26
2024/10/07 09:35:16 [notice] 1#1: start worker process 27
2024/10/07 09:35:16 [notice] 1#1: start worker process 28
2024/10/07 09:35:16 [notice] 1#1: start worker process 29
2024/10/07 09:35:16 [notice] 1#1: start worker process 30
2024/10/07 09:35:16 [notice] 1#1: start worker process 31
2024/10/07 09:36:58 [notice] 1#1: signal 3 (SIGQUIT) received, shutting down
2024/10/07 09:36:58 [notice] 20#20: gracefully shutting down
2024/10/07 09:36:58 [notice] 21#21: gracefully shutting down
2024/10/07 09:36:58 [notice] 20#20: exiting
2024/10/07 09:36:58 [notice] 22#22: gracefully shutting down
2024/10/07 09:36:58 [notice] 21#21: exiting
2024/10/07 09:36:58 [notice] 23#23: gracefully shutting down
2024/10/07 09:36:58 [notice] 22#22: exiting
2024/10/07 09:36:58 [notice] 20#20: exit
2024/10/07 09:36:58 [notice] 24#24: gracefully shutting down
2024/10/07 09:36:58 [notice] 23#23: exiting
2024/10/07 09:36:58 [notice] 25#25: gracefully shutting down
2024/10/07 09:36:58 [notice] 22#22: exit
2024/10/07 09:36:58 [notice] 21#21: exit
2024/10/07 09:36:58 [notice] 24#24: exiting
2024/10/07 09:36:58 [notice] 26#26: gracefully shutting down
2024/10/07 09:36:58 [notice] 25#25: exiting
2024/10/07 09:36:58 [notice] 26#26: exiting
2024/10/07 09:36:58 [notice] 27#27: gracefully shutting down
2024/10/07 09:36:58 [notice] 28#28: gracefully shutting down
2024/10/07 09:36:58 [notice] 23#23: exit
2024/10/07 09:36:58 [notice] 24#24: exit
2024/10/07 09:36:58 [notice] 27#27: exiting
2024/10/07 09:36:58 [notice] 28#28: exiting
2024/10/07 09:36:58 [notice] 25#25: exit
2024/10/07 09:36:58 [notice] 31#31: gracefully shutting down
2024/10/07 09:36:58 [notice] 26#26: exit
2024/10/07 09:36:58 [notice] 31#31: exiting
2024/10/07 09:36:58 [notice] 27#27: exit
2024/10/07 09:36:58 [notice] 28#28: exit
2024/10/07 09:36:58 [notice] 31#31: exit
2024/10/07 09:36:58 [notice] 29#29: gracefully shutting down
2024/10/07 09:36:58 [notice] 29#29: exiting
2024/10/07 09:36:58 [notice] 29#29: exit
2024/10/07 09:36:58 [notice] 30#30: gracefully shutting down
2024/10/07 09:36:58 [notice] 30#30: exiting
2024/10/07 09:36:58 [notice] 30#30: exit
2024/10/07 09:36:58 [notice] 1#1: signal 17 (SIGCHLD) received from 31
2024/10/07 09:36:58 [notice] 1#1: worker process 27 exited with code 0
2024/10/07 09:36:58 [notice] 1#1: worker process 31 exited with code 0
2024/10/07 09:36:58 [notice] 1#1: signal 29 (SIGIO) received
2024/10/07 09:36:58 [notice] 1#1: signal 17 (SIGCHLD) received from 20
2024/10/07 09:36:58 [notice] 1#1: worker process 20 exited with code 0
2024/10/07 09:36:58 [notice] 1#1: worker process 25 exited with code 0
2024/10/07 09:36:58 [notice] 1#1: signal 29 (SIGIO) received
2024/10/07 09:36:58 [notice] 1#1: signal 17 (SIGCHLD) received from 22
2024/10/07 09:36:58 [notice] 1#1: worker process 22 exited with code 0
2024/10/07 09:36:58 [notice] 1#1: worker process 23 exited with code 0
2024/10/07 09:36:58 [notice] 1#1: worker process 28 exited with code 0
2024/10/07 09:36:58 [notice] 1#1: signal 29 (SIGIO) received
2024/10/07 09:36:58 [notice] 1#1: signal 17 (SIGCHLD) received from 26
2024/10/07 09:36:58 [notice] 1#1: worker process 24 exited with code 0
2024/10/07 09:36:58 [notice] 1#1: worker process 26 exited with code 0
2024/10/07 09:36:58 [notice] 1#1: signal 29 (SIGIO) received
2024/10/07 09:36:58 [notice] 1#1: signal 17 (SIGCHLD) received from 29
2024/10/07 09:36:58 [notice] 1#1: worker process 29 exited with code 0
2024/10/07 09:36:58 [notice] 1#1: signal 29 (SIGIO) received
2024/10/07 09:36:58 [notice] 1#1: signal 17 (SIGCHLD) received from 30
2024/10/07 09:36:58 [notice] 1#1: worker process 21 exited with code 0
2024/10/07 09:36:58 [notice] 1#1: worker process 30 exited with code 0
2024/10/07 09:36:58 [notice] 1#1: exit
2024/10/07 09:36:58 [notice] 1#1: using the "epoll" event method
2024/10/07 09:36:58 [notice] 1#1: nginx/1.25.5
2024/10/07 09:36:58 [notice] 1#1: built by gcc 12.2.0 (Debian 12.2.0-14) 
2024/10/07 09:36:58 [notice] 1#1: OS: Linux 5.15.146.1-microsoft-standard-WSL2
2024/10/07 09:36:58 [notice] 1#1: getrlimit(RLIMIT_NOFILE): 1048576:1048576
2024/10/07 09:36:58 [notice] 1#1: start worker processes
2024/10/07 09:36:58 [notice] 1#1: start worker process 20
2024/10/07 09:36:58 [notice] 1#1: start worker process 21
2024/10/07 09:36:58 [notice] 1#1: start worker process 22
2024/10/07 09:36:58 [notice] 1#1: start worker process 23
2024/10/07 09:36:58 [notice] 1#1: start worker process 24
2024/10/07 09:36:58 [notice] 1#1: start worker process 25
2024/10/07 09:36:58 [notice] 1#1: start worker process 26
2024/10/07 09:36:58 [notice] 1#1: start worker process 27
2024/10/07 09:36:58 [notice] 1#1: start worker process 28
2024/10/07 09:36:58 [notice] 1#1: start worker process 29
2024/10/07 09:36:58 [notice] 1#1: start worker process 30
2024/10/07 09:36:58 [notice] 1#1: start worker process 31
2024/10/07 09:42:21 [notice] 1#1: signal 3 (SIGQUIT) received, shutting down
2024/10/07 09:42:21 [notice] 20#20: gracefully shutting down
2024/10/07 09:42:21 [notice] 23#23: gracefully shutting down
2024/10/07 09:42:21 [notice] 22#22: gracefully shutting down
2024/10/07 09:42:21 [notice] 26#26: gracefully shutting down
2024/10/07 09:42:21 [notice] 27#27: gracefully shutting down
2024/10/07 09:42:21 [notice] 20#20: exiting
2024/10/07 09:42:21 [notice] 24#24: gracefully shutting down
2024/10/07 09:42:21 [notice] 31#31: gracefully shutting down
2024/10/07 09:42:21 [notice] 22#22: exiting
2024/10/07 09:42:21 [notice] 28#28: gracefully shutting down
2024/10/07 09:42:21 [notice] 24#24: exiting
2024/10/07 09:42:21 [notice] 25#25: gracefully shutting down
2024/10/07 09:42:21 [notice] 23#23: exiting
2024/10/07 09:42:21 [notice] 27#27: exiting
2024/10/07 09:42:21 [notice] 31#31: exiting
2024/10/07 09:42:21 [notice] 26#26: exiting
2024/10/07 09:42:21 [notice] 28#28: exiting
2024/10/07 09:42:21 [notice] 25#25: exiting
2024/10/07 09:42:21 [notice] 20#20: exit
2024/10/07 09:42:21 [notice] 24#24: exit
2024/10/07 09:42:21 [notice] 22#22: exit
2024/10/07 09:42:21 [notice] 23#23: exit
2024/10/07 09:42:21 [notice] 31#31: exit
2024/10/07 09:42:21 [notice] 27#27: exit
2024/10/07 09:42:21 [notice] 26#26: exit
2024/10/07 09:42:21 [notice] 28#28: exit
2024/10/07 09:42:21 [notice] 25#25: exit
2024/10/07 09:42:21 [notice] 21#21: gracefully shutting down
2024/10/07 09:42:21 [notice] 29#29: gracefully shutting down
2024/10/07 09:42:21 [notice] 30#30: gracefully shutting down
2024/10/07 09:42:21 [notice] 21#21: exiting
2024/10/07 09:42:21 [notice] 29#29: exiting
2024/10/07 09:42:21 [notice] 30#30: exiting
2024/10/07 09:42:21 [notice] 29#29: exit
2024/10/07 09:42:21 [notice] 30#30: exit
2024/10/07 09:42:21 [notice] 21#21: exit
2024/10/07 09:42:21 [notice] 1#1: signal 17 (SIGCHLD) received from 25
2024/10/07 09:42:21 [notice] 1#1: worker process 23 exited with code 0
2024/10/07 09:42:21 [notice] 1#1: worker process 24 exited with code 0
2024/10/07 09:42:21 [notice] 1#1: worker process 25 exited with code 0
2024/10/07 09:42:21 [notice] 1#1: worker process 27 exited with code 0
2024/10/07 09:42:21 [notice] 1#1: worker process 29 exited with code 0
2024/10/07 09:42:21 [notice] 1#1: signal 29 (SIGIO) received
2024/10/07 09:42:21 [notice] 1#1: signal 17 (SIGCHLD) received from 26
2024/10/07 09:42:21 [notice] 1#1: worker process 26 exited with code 0
2024/10/07 09:42:21 [notice] 1#1: signal 29 (SIGIO) received
2024/10/07 09:42:21 [notice] 1#1: signal 17 (SIGCHLD) received from 30
2024/10/07 09:42:21 [notice] 1#1: worker process 20 exited with code 0
2024/10/07 09:42:21 [notice] 1#1: worker process 30 exited with code 0
2024/10/07 09:42:21 [notice] 1#1: signal 29 (SIGIO) received
2024/10/07 09:42:21 [notice] 1#1: signal 17 (SIGCHLD) received from 21
2024/10/07 09:42:21 [notice] 1#1: worker process 21 exited with code 0
2024/10/07 09:42:21 [notice] 1#1: worker process 22 exited with code 0
2024/10/07 09:42:21 [notice] 1#1: worker process 28 exited with code 0
2024/10/07 09:42:21 [notice] 1#1: worker process 31 exited with code 0
2024/10/07 09:42:21 [notice] 1#1: exit
2024/10/07 09:42:23 [notice] 1#1: using the "epoll" event method
2024/10/07 09:42:23 [notice] 1#1: nginx/1.25.5
2024/10/07 09:42:23 [notice] 1#1: built by gcc 12.2.0 (Debian 12.2.0-14) 
2024/10/07 09:42:23 [notice] 1#1: OS: Linux 5.15.146.1-microsoft-standard-WSL2
2024/10/07 09:42:23 [notice] 1#1: getrlimit(RLIMIT_NOFILE): 1048576:1048576
2024/10/07 09:42:23 [notice] 1#1: start worker processes
2024/10/07 09:42:23 [notice] 1#1: start worker process 20
2024/10/07 09:42:23 [notice] 1#1: start worker process 21
2024/10/07 09:42:23 [notice] 1#1: start worker process 22
2024/10/07 09:42:23 [notice] 1#1: start worker process 23
2024/10/07 09:42:23 [notice] 1#1: start worker process 24
2024/10/07 09:42:23 [notice] 1#1: start worker process 25
2024/10/07 09:42:23 [notice] 1#1: start worker process 26
2024/10/07 09:42:23 [notice] 1#1: start worker process 27
2024/10/07 09:42:23 [notice] 1#1: start worker process 28
2024/10/07 09:42:23 [notice] 1#1: start worker process 29
2024/10/07 09:42:23 [notice] 1#1: start worker process 30
2024/10/07 09:42:23 [notice] 1#1: start worker process 31
2024/10/07 09:45:44 [notice] 1#1: signal 3 (SIGQUIT) received, shutting down
2024/10/07 09:45:44 [notice] 20#20: gracefully shutting down
2024/10/07 09:45:44 [notice] 21#21: gracefully shutting down
2024/10/07 09:45:44 [notice] 20#20: exiting
2024/10/07 09:45:44 [notice] 21#21: exiting
2024/10/07 09:45:44 [notice] 22#22: gracefully shutting down
2024/10/07 09:45:44 [notice] 23#23: gracefully shutting down
2024/10/07 09:45:44 [notice] 22#22: exiting
2024/10/07 09:45:44 [notice] 24#24: gracefully shutting down
2024/10/07 09:45:44 [notice] 20#20: exit
2024/10/07 09:45:44 [notice] 21#21: exit
2024/10/07 09:45:44 [notice] 23#23: exiting
2024/10/07 09:45:44 [notice] 24#24: exiting
2024/10/07 09:45:44 [notice] 26#26: gracefully shutting down
2024/10/07 09:45:44 [notice] 27#27: gracefully shutting down
2024/10/07 09:45:44 [notice] 22#22: exit
2024/10/07 09:45:44 [notice] 26#26: exiting
2024/10/07 09:45:44 [notice] 28#28: gracefully shutting down
2024/10/07 09:45:44 [notice] 27#27: exiting
2024/10/07 09:45:44 [notice] 23#23: exit
2024/10/07 09:45:44 [notice] 29#29: gracefully shutting down
2024/10/07 09:45:44 [notice] 28#28: exiting
2024/10/07 09:45:44 [notice] 24#24: exit
2024/10/07 09:45:44 [notice] 31#31: gracefully shutting down
2024/10/07 09:45:44 [notice] 29#29: exiting
2024/10/07 09:45:44 [notice] 26#26: exit
2024/10/07 09:45:44 [notice] 25#25: gracefully shutting down
2024/10/07 09:45:44 [notice] 27#27: exit
2024/10/07 09:45:44 [notice] 31#31: exiting
2024/10/07 09:45:44 [notice] 25#25: exiting
2024/10/07 09:45:44 [notice] 28#28: exit
2024/10/07 09:45:44 [notice] 29#29: exit
2024/10/07 09:45:44 [notice] 31#31: exit
2024/10/07 09:45:44 [notice] 25#25: exit
2024/10/07 09:45:44 [notice] 30#30: gracefully shutting down
2024/10/07 09:45:44 [notice] 30#30: exiting
2024/10/07 09:45:44 [notice] 30#30: exit
2024/10/07 09:45:44 [notice] 1#1: signal 17 (SIGCHLD) received from 21
2024/10/07 09:45:44 [notice] 1#1: worker process 21 exited with code 0
2024/10/07 09:45:44 [notice] 1#1: worker process 24 exited with code 0
2024/10/07 09:45:44 [notice] 1#1: signal 29 (SIGIO) received
2024/10/07 09:45:44 [notice] 1#1: signal 17 (SIGCHLD) received from 24
2024/10/07 09:45:44 [notice] 1#1: signal 17 (SIGCHLD) received from 20
2024/10/07 09:45:44 [notice] 1#1: worker process 20 exited with code 0
2024/10/07 09:45:44 [notice] 1#1: signal 29 (SIGIO) received
2024/10/07 09:45:44 [notice] 1#1: signal 17 (SIGCHLD) received from 30
2024/10/07 09:45:44 [notice] 1#1: worker process 22 exited with code 0
2024/10/07 09:45:44 [notice] 1#1: worker process 28 exited with code 0
2024/10/07 09:45:44 [notice] 1#1: worker process 30 exited with code 0
2024/10/07 09:45:44 [notice] 1#1: worker process 31 exited with code 0
2024/10/07 09:45:44 [notice] 1#1: signal 29 (SIGIO) received
2024/10/07 09:45:44 [notice] 1#1: signal 17 (SIGCHLD) received from 28
2024/10/07 09:45:44 [notice] 1#1: signal 17 (SIGCHLD) received from 27
2024/10/07 09:45:44 [notice] 1#1: worker process 25 exited with code 0
2024/10/07 09:45:44 [notice] 1#1: worker process 27 exited with code 0
2024/10/07 09:45:44 [notice] 1#1: worker process 29 exited with code 0
2024/10/07 09:45:44 [notice] 1#1: signal 29 (SIGIO) received
2024/10/07 09:45:44 [notice] 1#1: signal 17 (SIGCHLD) received from 23
2024/10/07 09:45:44 [notice] 1#1: worker process 23 exited with code 0
2024/10/07 09:45:44 [notice] 1#1: worker process 26 exited with code 0
2024/10/07 09:45:44 [notice] 1#1: exit
2024/10/07 09:45:46 [notice] 1#1: using the "epoll" event method
2024/10/07 09:45:46 [notice] 1#1: nginx/1.25.5
2024/10/07 09:45:46 [notice] 1#1: built by gcc 12.2.0 (Debian 12.2.0-14) 
2024/10/07 09:45:46 [notice] 1#1: OS: Linux 5.15.146.1-microsoft-standard-WSL2
2024/10/07 09:45:46 [notice] 1#1: getrlimit(RLIMIT_NOFILE): 1048576:1048576
2024/10/07 09:45:46 [notice] 1#1: start worker processes
2024/10/07 09:45:46 [notice] 1#1: start worker process 20
2024/10/07 09:45:46 [notice] 1#1: start worker process 21
2024/10/07 09:45:46 [notice] 1#1: start worker process 22
2024/10/07 09:45:46 [notice] 1#1: start worker process 23
2024/10/07 09:45:46 [notice] 1#1: start worker process 24
2024/10/07 09:45:46 [notice] 1#1: start worker process 25
2024/10/07 09:45:46 [notice] 1#1: start worker process 26
2024/10/07 09:45:46 [notice] 1#1: start worker process 27
2024/10/07 09:45:46 [notice] 1#1: start worker process 28
2024/10/07 09:45:46 [notice] 1#1: start worker process 29
2024/10/07 09:45:46 [notice] 1#1: start worker process 30
2024/10/07 09:45:46 [notice] 1#1: start worker process 31
2024/10/07 09:48:06 [notice] 1#1: signal 3 (SIGQUIT) received, shutting down
2024/10/07 09:48:06 [notice] 20#20: gracefully shutting down
2024/10/07 09:48:06 [notice] 21#21: gracefully shutting down
2024/10/07 09:48:06 [notice] 20#20: exiting
2024/10/07 09:48:06 [notice] 21#21: exiting
2024/10/07 09:48:06 [notice] 22#22: gracefully shutting down
2024/10/07 09:48:06 [notice] 23#23: gracefully shutting down
2024/10/07 09:48:06 [notice] 24#24: gracefully shutting down
2024/10/07 09:48:06 [notice] 22#22: exiting
2024/10/07 09:48:06 [notice] 23#23: exiting
2024/10/07 09:48:06 [notice] 24#24: exiting
2024/10/07 09:48:06 [notice] 25#25: gracefully shutting down
2024/10/07 09:48:06 [notice] 21#21: exit
2024/10/07 09:48:06 [notice] 20#20: exit
2024/10/07 09:48:06 [notice] 26#26: gracefully shutting down
2024/10/07 09:48:06 [notice] 25#25: exiting
2024/10/07 09:48:06 [notice] 22#22: exit
2024/10/07 09:48:06 [notice] 27#27: gracefully shutting down
2024/10/07 09:48:06 [notice] 26#26: exiting
2024/10/07 09:48:06 [notice] 23#23: exit
2024/10/07 09:48:06 [notice] 24#24: exit
2024/10/07 09:48:06 [notice] 28#28: gracefully shutting down
2024/10/07 09:48:06 [notice] 27#27: exiting
2024/10/07 09:48:06 [notice] 25#25: exit
2024/10/07 09:48:06 [notice] 30#30: gracefully shutting down
2024/10/07 09:48:06 [notice] 28#28: exiting
2024/10/07 09:48:06 [notice] 26#26: exit
2024/10/07 09:48:06 [notice] 30#30: exiting
2024/10/07 09:48:06 [notice] 27#27: exit
2024/10/07 09:48:06 [notice] 28#28: exit
2024/10/07 09:48:06 [notice] 30#30: exit
2024/10/07 09:48:06 [notice] 29#29: gracefully shutting down
2024/10/07 09:48:06 [notice] 29#29: exiting
2024/10/07 09:48:06 [notice] 29#29: exit
2024/10/07 09:48:06 [notice] 31#31: gracefully shutting down
2024/10/07 09:48:06 [notice] 31#31: exiting
2024/10/07 09:48:06 [notice] 31#31: exit
2024/10/07 09:48:06 [notice] 1#1: signal 17 (SIGCHLD) received from 31
2024/10/07 09:48:06 [notice] 1#1: worker process 26 exited with code 0
2024/10/07 09:48:06 [notice] 1#1: worker process 25 exited with code 0
2024/10/07 09:48:06 [notice] 1#1: worker process 31 exited with code 0
2024/10/07 09:48:06 [notice] 1#1: signal 29 (SIGIO) received
2024/10/07 09:48:06 [notice] 1#1: signal 17 (SIGCHLD) received from 25
2024/10/07 09:48:06 [notice] 1#1: signal 17 (SIGCHLD) received from 22
2024/10/07 09:48:06 [notice] 1#1: worker process 22 exited with code 0
2024/10/07 09:48:06 [notice] 1#1: signal 29 (SIGIO) received
2024/10/07 09:48:06 [notice] 1#1: signal 17 (SIGCHLD) received from 30
2024/10/07 09:48:06 [notice] 1#1: worker process 30 exited with code 0
2024/10/07 09:48:06 [notice] 1#1: signal 29 (SIGIO) received
2024/10/07 09:48:06 [notice] 1#1: signal 17 (SIGCHLD) received from 28
2024/10/07 09:48:06 [notice] 1#1: worker process 24 exited with code 0
2024/10/07 09:48:06 [notice] 1#1: worker process 27 exited with code 0
2024/10/07 09:48:06 [notice] 1#1: worker process 28 exited with code 0
2024/10/07 09:48:06 [notice] 1#1: signal 29 (SIGIO) received
2024/10/07 09:48:06 [notice] 1#1: signal 17 (SIGCHLD) received from 20
2024/10/07 09:48:06 [notice] 1#1: worker process 20 exited with code 0
2024/10/07 09:48:06 [notice] 1#1: worker process 29 exited with code 0
2024/10/07 09:48:06 [notice] 1#1: signal 29 (SIGIO) received
2024/10/07 09:48:06 [notice] 1#1: signal 17 (SIGCHLD) received from 21
2024/10/07 09:48:06 [notice] 1#1: worker process 21 exited with code 0
2024/10/07 09:48:06 [notice] 1#1: signal 29 (SIGIO) received
2024/10/07 09:48:06 [notice] 1#1: signal 17 (SIGCHLD) received from 23
2024/10/07 09:48:06 [notice] 1#1: worker process 23 exited with code 0
2024/10/07 09:48:06 [notice] 1#1: exit
2024/10/07 09:48:07 [notice] 1#1: using the "epoll" event method
2024/10/07 09:48:07 [notice] 1#1: nginx/1.25.5
2024/10/07 09:48:07 [notice] 1#1: built by gcc 12.2.0 (Debian 12.2.0-14) 
2024/10/07 09:48:07 [notice] 1#1: OS: Linux 5.15.146.1-microsoft-standard-WSL2
2024/10/07 09:48:07 [notice] 1#1: getrlimit(RLIMIT_NOFILE): 1048576:1048576
2024/10/07 09:48:07 [notice] 1#1: start worker processes
2024/10/07 09:48:07 [notice] 1#1: start worker process 20
2024/10/07 09:48:07 [notice] 1#1: start worker process 21
2024/10/07 09:48:07 [notice] 1#1: start worker process 22
2024/10/07 09:48:07 [notice] 1#1: start worker process 23
2024/10/07 09:48:07 [notice] 1#1: start worker process 24
2024/10/07 09:48:07 [notice] 1#1: start worker process 25
2024/10/07 09:48:07 [notice] 1#1: start worker process 26
2024/10/07 09:48:07 [notice] 1#1: start worker process 27
2024/10/07 09:48:07 [notice] 1#1: start worker process 28
2024/10/07 09:48:07 [notice] 1#1: start worker process 29
2024/10/07 09:48:07 [notice] 1#1: start worker process 30
2024/10/07 09:48:07 [notice] 1#1: start worker process 31
2024/10/07 10:04:11 [notice] 1#1: signal 3 (SIGQUIT) received, shutting down
2024/10/07 10:04:11 [notice] 20#20: gracefully shutting down
2024/10/07 10:04:11 [notice] 21#21: gracefully shutting down
2024/10/07 10:04:11 [notice] 20#20: exiting
2024/10/07 10:04:11 [notice] 22#22: gracefully shutting down
2024/10/07 10:04:11 [notice] 21#21: exiting
2024/10/07 10:04:11 [notice] 22#22: exiting
2024/10/07 10:04:11 [notice] 23#23: gracefully shutting down
2024/10/07 10:04:11 [notice] 24#24: gracefully shutting down
2024/10/07 10:04:11 [notice] 20#20: exit
2024/10/07 10:04:11 [notice] 25#25: gracefully shutting down
2024/10/07 10:04:11 [notice] 22#22: exit
2024/10/07 10:04:11 [notice] 21#21: exit
2024/10/07 10:04:11 [notice] 23#23: exiting
2024/10/07 10:04:11 [notice] 26#26: gracefully shutting down
2024/10/07 10:04:11 [notice] 24#24: exiting
2024/10/07 10:04:11 [notice] 25#25: exiting
2024/10/07 10:04:11 [notice] 27#27: gracefully shutting down
2024/10/07 10:04:11 [notice] 26#26: exiting
2024/10/07 10:04:11 [notice] 28#28: gracefully shutting down
2024/10/07 10:04:11 [notice] 27#27: exiting
2024/10/07 10:04:11 [notice] 24#24: exit
2024/10/07 10:04:11 [notice] 23#23: exit
2024/10/07 10:04:11 [notice] 28#28: exiting
2024/10/07 10:04:11 [notice] 25#25: exit
2024/10/07 10:04:11 [notice] 26#26: exit
2024/10/07 10:04:11 [notice] 27#27: exit
2024/10/07 10:04:11 [notice] 28#28: exit
2024/10/07 10:04:11 [notice] 30#30: gracefully shutting down
2024/10/07 10:04:11 [notice] 30#30: exiting
2024/10/07 10:04:11 [notice] 30#30: exit
2024/10/07 10:04:11 [notice] 29#29: gracefully shutting down
2024/10/07 10:04:11 [notice] 31#31: gracefully shutting down
2024/10/07 10:04:11 [notice] 29#29: exiting
2024/10/07 10:04:11 [notice] 31#31: exiting
2024/10/07 10:04:11 [notice] 29#29: exit
2024/10/07 10:04:11 [notice] 31#31: exit
2024/10/07 10:04:11 [notice] 1#1: signal 17 (SIGCHLD) received from 24
2024/10/07 10:04:11 [notice] 1#1: worker process 21 exited with code 0
2024/10/07 10:04:11 [notice] 1#1: worker process 24 exited with code 0
2024/10/07 10:04:11 [notice] 1#1: worker process 25 exited with code 0
2024/10/07 10:04:11 [notice] 1#1: worker process 28 exited with code 0
2024/10/07 10:04:11 [notice] 1#1: signal 29 (SIGIO) received
2024/10/07 10:04:11 [notice] 1#1: signal 17 (SIGCHLD) received from 21
2024/10/07 10:04:11 [notice] 1#1: signal 17 (SIGCHLD) received from 22
2024/10/07 10:04:11 [notice] 1#1: worker process 22 exited with code 0
2024/10/07 10:04:11 [notice] 1#1: worker process 26 exited with code 0
2024/10/07 10:04:11 [notice] 1#1: worker process 31 exited with code 0
2024/10/07 10:04:11 [notice] 1#1: signal 29 (SIGIO) received
2024/10/07 10:04:11 [notice] 1#1: signal 17 (SIGCHLD) received from 23
2024/10/07 10:04:11 [notice] 1#1: worker process 23 exited with code 0
2024/10/07 10:04:11 [notice] 1#1: signal 29 (SIGIO) received
2024/10/07 10:04:11 [notice] 1#1: signal 17 (SIGCHLD) received from 27
2024/10/07 10:04:11 [notice] 1#1: worker process 27 exited with code 0
2024/10/07 10:04:11 [notice] 1#1: signal 29 (SIGIO) received
2024/10/07 10:04:11 [notice] 1#1: signal 17 (SIGCHLD) received from 30
2024/10/07 10:04:11 [notice] 1#1: worker process 20 exited with code 0
2024/10/07 10:04:11 [notice] 1#1: worker process 29 exited with code 0
2024/10/07 10:04:11 [notice] 1#1: worker process 30 exited with code 0
2024/10/07 10:04:11 [notice] 1#1: exit
